{
  "stats": {
    "suites": 1,
    "tests": 3,
    "passes": 3,
    "pending": 0,
    "failures": 0,
    "start": "2025-08-07T20:58:32.352Z",
    "end": "2025-08-07T20:58:36.609Z",
    "duration": 4257,
    "testsRegistered": 3,
    "passPercent": 100,
    "pendingPercent": 0,
    "other": 0,
    "hasOther": false,
    "skipped": 0,
    "hasSkipped": false
  },
  "results": [
    {
      "uuid": "5a5fcb3d-6e35-4ac1-a916-e4efbf491cfb",
      "title": "",
      "fullFile": "cypress\\e2e\\login.cy.js",
      "file": "cypress\\e2e\\login.cy.js",
      "beforeHooks": [],
      "afterHooks": [],
      "tests": [],
      "suites": [
        {
          "uuid": "6a68c963-8205-4a43-9147-3b42889fe2e3",
          "title": "Login",
          "fullFile": "",
          "file": "",
          "beforeHooks": [],
          "afterHooks": [],
          "tests": [
            {
              "title": "Validate login successully",
              "fullTitle": "Login Validate login successully",
              "timedOut": null,
              "duration": 1604,
              "state": "passed",
              "speed": "fast",
              "pass": true,
              "fail": false,
              "pending": false,
              "context": null,
              "code": "loginPage.visit();\ncy.fixture('user').then(data => {\n  loginPage.login(data.standard_user, data.password);\n});\ncy.fixture('url').then(data => {\n  cy.url().should('equal', data.inventory);\n});",
              "err": {},
              "uuid": "3051192f-7bbf-48c3-8abd-a3cec4667aab",
              "parentUUID": "6a68c963-8205-4a43-9147-3b42889fe2e3",
              "isHook": false,
              "skipped": false
            },
            {
              "title": "Validate login failed with invalid password",
              "fullTitle": "Login Validate login failed with invalid password",
              "timedOut": null,
              "duration": 894,
              "state": "passed",
              "speed": "fast",
              "pass": true,
              "fail": false,
              "pending": false,
              "context": null,
              "code": "loginPage.visit();\ncy.fixture('user').then(data => {\n  loginPage.login(data.standard_user, data.password + \"1\");\n});\nloginPage.elements.loginFailedNotification().should('have.text', 'Epic sadface: Username and password do not match any user in this service');",
              "err": {},
              "uuid": "2d5a83d9-8e6c-41fd-aa6a-7ecbfada8ee2",
              "parentUUID": "6a68c963-8205-4a43-9147-3b42889fe2e3",
              "isHook": false,
              "skipped": false
            },
            {
              "title": "Validate login failed with locked_out_user",
              "fullTitle": "Login Validate login failed with locked_out_user",
              "timedOut": null,
              "duration": 814,
              "state": "passed",
              "speed": "fast",
              "pass": true,
              "fail": false,
              "pending": false,
              "context": null,
              "code": "loginPage.visit();\ncy.fixture('user').then(data => {\n  loginPage.login(data.locked_out_user, data.password);\n});\nloginPage.elements.loginFailedNotification().should('have.text', 'Epic sadface: Sorry, this user has been locked out.');",
              "err": {},
              "uuid": "409b3d85-bd47-47e4-8ad7-45e6a06ed9d0",
              "parentUUID": "6a68c963-8205-4a43-9147-3b42889fe2e3",
              "isHook": false,
              "skipped": false
            }
          ],
          "suites": [],
          "passes": [
            "3051192f-7bbf-48c3-8abd-a3cec4667aab",
            "2d5a83d9-8e6c-41fd-aa6a-7ecbfada8ee2",
            "409b3d85-bd47-47e4-8ad7-45e6a06ed9d0"
          ],
          "failures": [],
          "pending": [],
          "skipped": [],
          "duration": 3312,
          "root": false,
          "rootEmpty": false,
          "_timeout": 2000
        }
      ],
      "passes": [],
      "failures": [],
      "pending": [],
      "skipped": [],
      "duration": 0,
      "root": true,
      "rootEmpty": true,
      "_timeout": 2000
    }
  ],
  "meta": {
    "mocha": {
      "version": "7.2.0"
    },
    "mochawesome": {
      "options": {
        "quiet": false,
        "reportFilename": "mochawesome",
        "saveHtml": false,
        "saveJson": true,
        "consoleReporter": "spec",
        "useInlineDiffs": false,
        "code": true
      },
      "version": "7.1.3"
    },
    "marge": {
      "options": {
        "reportDir": "cypress/reports",
        "overwrite": false,
        "html": false,
        "json": true
      },
      "version": "6.2.0"
    }
  }
}