{
  "stats": {
    "suites": 1,
    "tests": 9,
    "passes": 9,
    "pending": 0,
    "failures": 0,
    "start": "2025-08-07T20:58:15.533Z",
    "end": "2025-08-07T20:58:29.411Z",
    "duration": 13878,
    "testsRegistered": 9,
    "passPercent": 100,
    "pendingPercent": 0,
    "other": 0,
    "hasOther": false,
    "skipped": 0,
    "hasSkipped": false
  },
  "results": [
    {
      "uuid": "69832b27-d050-4a7a-96a0-0b132a7e4107",
      "title": "",
      "fullFile": "cypress\\e2e\\inventory.cy.js",
      "file": "cypress\\e2e\\inventory.cy.js",
      "beforeHooks": [],
      "afterHooks": [],
      "tests": [],
      "suites": [
        {
          "uuid": "5f9cf031-b35e-4a42-afd3-f976bb7dcd2b",
          "title": "Inventory Test",
          "fullFile": "",
          "file": "",
          "beforeHooks": [],
          "afterHooks": [],
          "tests": [
            {
              "title": "Validate product details page",
              "fullTitle": "Inventory Test Validate product details page",
              "timedOut": null,
              "duration": 2392,
              "state": "passed",
              "speed": "fast",
              "pass": true,
              "fail": false,
              "pending": false,
              "context": null,
              "code": "const prodList = inventory.getProdList();\n//Loop prodList array and compare value on the Details page with items in array\ncy.then(() => {\n  prodList.forEach((product, index) => {\n    cy.xpath(\"//img[@alt='\" + product.name + \"']\").click();\n    //validate detail page is navigated\n    cy.url().should('include', 'inventory-item.html?id=');\n    //validate src of image\n    inventory.element.imgDetail().should('have.attr', 'src', product.img);\n    //validate product Name, Description and Price\n    inventory.element.nameDetail().should('have.text', product.name);\n    inventory.element.descDetail().should('have.text', product.desc);\n    inventory.element.priceDetail().should('have.text', product.price);\n    inventory.element.backtoProdBtn().click();\n  });\n});",
              "err": {},
              "uuid": "36e96207-1929-4945-9017-f1999f29d293",
              "parentUUID": "5f9cf031-b35e-4a42-afd3-f976bb7dcd2b",
              "isHook": false,
              "skipped": false
            },
            {
              "title": "Validate number of Products",
              "fullTitle": "Inventory Test Validate number of Products",
              "timedOut": null,
              "duration": 2000,
              "state": "passed",
              "speed": "fast",
              "pass": true,
              "fail": false,
              "pending": false,
              "context": null,
              "code": "//Get the number of ProductsItem element that should be 6\ninventory.element.productItem().should('have.length', 6);",
              "err": {},
              "uuid": "96877a88-f638-45e9-88c3-dd8c4a5ee5f6",
              "parentUUID": "5f9cf031-b35e-4a42-afd3-f976bb7dcd2b",
              "isHook": false,
              "skipped": false
            },
            {
              "title": "Validate each number should have Picture, Name, Description, Price and Add to Cart button",
              "fullTitle": "Inventory Test Validate each number should have Picture, Name, Description, Price and Add to Cart button",
              "timedOut": null,
              "duration": 851,
              "state": "passed",
              "speed": "fast",
              "pass": true,
              "fail": false,
              "pending": false,
              "context": null,
              "code": "//Loop each Production Item\ninventory.element.productItem().each($el => {\n  //Assert that each production has Image, Name, Description visible\n  inventory.element.itemImg($el).should('be.visible');\n  inventory.element.itemName($el).should('be.visible');\n  inventory.element.itemDesc($el).should('be.visible');\n  //Assert that the price should be in the corrrect format\n  inventory.element.itemPrice($el).invoke('text').should('match', /^\\$\\d+\\.\\d{2}$/);\n  // Regular Expression Explanation:\n  // ^        → Start of string\n  // \\$       → Literal dollar sign ($)\n  // \\d+      → One or more digits (integer part)\n  // \\.       → Literal dot (decimal point)\n  // \\d{2}    → Exactly two digits (decimal part)\n  // $        → End of string\n  //Assert that the Button at each Production should Add to cart\n  inventory.element.addtoCartBtn($el).should('contain', 'Add to cart');\n});",
              "err": {},
              "uuid": "f02acc79-4a30-4741-a6f5-28996d240a96",
              "parentUUID": "5f9cf031-b35e-4a42-afd3-f976bb7dcd2b",
              "isHook": false,
              "skipped": false
            },
            {
              "title": "Validate cart badge updates dynamically",
              "fullTitle": "Inventory Test Validate cart badge updates dynamically",
              "timedOut": null,
              "duration": 2157,
              "state": "passed",
              "speed": "fast",
              "pass": true,
              "fail": false,
              "pending": false,
              "context": null,
              "code": "//Define a cartList\nlet cartList = [];\n//Loop all products\ninventory.element.productItem().each($el => {\n  //Click button add to cart\n  inventory.element.addtoCartBtn($el).click();\n  //Assert that the text of button should be changed to Remove\n  inventory.element.addtoCartBtn($el).should('contain', 'Remove');\n  //Add the Production Name to the cartList\n  inventory.element.itemName($el).invoke('text').then(text => {\n    cartList.push(text);\n  });\n}).then(() => {\n  //After all products are clicked and cartList is filled\n  //Validate the length of array equal with number of product in the cart emoji\n  inventory.element.cartNumber().should('have.text', `${cartList.length}`);\n});\n//Loop all products again\ninventory.element.productItem().each($el => {\n  //Click button add to cart\n  inventory.element.addtoCartBtn($el).click();\n  //Validate that the button should be changed to Add to Cart\n  inventory.element.addtoCartBtn($el).should('contain', 'Add to cart');\n  //Remove the last item in the cartList\n  inventory.element.itemName($el).invoke('text').then(text => {\n    cartList.filter(item => item !== text);\n  });\n}).then(() => {\n  //After all products are clicked and cartList is filled\n  //Validate the length of array equal with number of product in the cart emoji\n  inventory.element.cartNumber().should('not.exist');\n});",
              "err": {},
              "uuid": "a2c5b1cb-4cdd-41e1-b0e2-6baa52d5fdf8",
              "parentUUID": "5f9cf031-b35e-4a42-afd3-f976bb7dcd2b",
              "isHook": false,
              "skipped": false
            },
            {
              "title": "Verify the sort should have 4 options: Name (A to Z), Name (Z to A), Price (low to high), Price (high to low)",
              "fullTitle": "Inventory Test Verify the sort should have 4 options: Name (A to Z), Name (Z to A), Price (low to high), Price (high to low)",
              "timedOut": null,
              "duration": 932,
              "state": "passed",
              "speed": "fast",
              "pass": true,
              "fail": false,
              "pending": false,
              "context": null,
              "code": "const expectedOption = [{\n  value: 'az',\n  text: 'Name (A to Z)'\n}, {\n  value: 'za',\n  text: 'Name (Z to A)'\n}, {\n  value: 'lohi',\n  text: 'Price (low to high)'\n}, {\n  value: 'hilo',\n  text: 'Price (high to low)'\n}];\ninventory.element.sortBtn().find('option').each(($el, index) => {\n  cy.wrap($el).should('have.value', expectedOption[index].value);\n  cy.wrap($el).should('have.text', expectedOption[index].text);\n});",
              "err": {},
              "uuid": "d7a5ece2-e9a7-442b-9147-99ffb263ecf2",
              "parentUUID": "5f9cf031-b35e-4a42-afd3-f976bb7dcd2b",
              "isHook": false,
              "skipped": false
            },
            {
              "title": "Verify sort function A-Z",
              "fullTitle": "Inventory Test Verify sort function A-Z",
              "timedOut": null,
              "duration": 918,
              "state": "passed",
              "speed": "fast",
              "pass": true,
              "fail": false,
              "pending": false,
              "context": null,
              "code": "//Create a null prodName array\nconst prodName = [];\n//Make sure the Sort Dropdown should be select A-Z as default\ninventory.element.sortBtn().should('have.value', 'az');\n//Loop each product item and add name into array\ninventory.element.productItem().each($el => {\n  inventory.element.itemName($el).invoke('text').then(text => {\n    prodName.push(text.trim());\n  });\n});\n//Sort the array by alphabet\nconst sortNames = [...prodName].sort();\n//Assert that the list after and before sort should be the same\nexpect(prodName).to.deep.equal(sortNames);",
              "err": {},
              "uuid": "d2cc34d6-3d07-4d09-97a8-422176331e85",
              "parentUUID": "5f9cf031-b35e-4a42-afd3-f976bb7dcd2b",
              "isHook": false,
              "skipped": false
            },
            {
              "title": "Verify sort function Z-A",
              "fullTitle": "Inventory Test Verify sort function Z-A",
              "timedOut": null,
              "duration": 1166,
              "state": "passed",
              "speed": "fast",
              "pass": true,
              "fail": false,
              "pending": false,
              "context": null,
              "code": "//Create a null prodName array\nconst prodName = [];\n//Loop each product item and add name into array\ninventory.element.productItem().each($el => {\n  inventory.element.itemName($el).invoke('text').then(text => {\n    prodName.push(text.trim());\n  });\n});\n//Sort the array by Z-A\nconst sortNames = [...prodName].sort().reverse();\n//Select sort Z-A\ninventory.element.sortBtn().select('za');\n//Loop each product item and add name into array after selecting sort\ninventory.element.productItem().each($el => {\n  inventory.element.itemName($el).invoke('text').then(text => {\n    prodName.push(text.trim());\n  });\n});\nexpect(prodName).to.deep.equal(sortNames);",
              "err": {},
              "uuid": "775e5225-b437-42cd-912e-73795ae493ac",
              "parentUUID": "5f9cf031-b35e-4a42-afd3-f976bb7dcd2b",
              "isHook": false,
              "skipped": false
            },
            {
              "title": "Verify sort function Price Low to High",
              "fullTitle": "Inventory Test Verify sort function Price Low to High",
              "timedOut": null,
              "duration": 1104,
              "state": "passed",
              "speed": "fast",
              "pass": true,
              "fail": false,
              "pending": false,
              "context": null,
              "code": "//Create a null prodPrice array\nconst prodPrice = [];\n//Loop each product item and add price into array\ninventory.element.productItem().each($el => {\n  inventory.element.itemPrice($el).invoke('text').then(text => {\n    prodPrice.push(parseFloat(text.replace('$', '')));\n  });\n});\n//Sort the array by low to high\nconst sortPrice = [...prodPrice].sort();\n//Select sort low to high\ninventory.element.sortBtn().select('lohi');\n//Loop each product item and add price into array after selecting sort\ninventory.element.productItem().each($el => {\n  inventory.element.itemPrice($el).invoke('text').then(text => {\n    prodPrice.push(parseFloat(text.replace('$', '')));\n  });\n});\nexpect(prodPrice).to.deep.equal(sortPrice);",
              "err": {},
              "uuid": "bfdd7792-7fb0-43c7-812d-31f9d1520818",
              "parentUUID": "5f9cf031-b35e-4a42-afd3-f976bb7dcd2b",
              "isHook": false,
              "skipped": false
            },
            {
              "title": "Verify sort function Price High to Low",
              "fullTitle": "Inventory Test Verify sort function Price High to Low",
              "timedOut": null,
              "duration": 1063,
              "state": "passed",
              "speed": "fast",
              "pass": true,
              "fail": false,
              "pending": false,
              "context": null,
              "code": "//Create a null prodPrice array\nconst prodPrice = [];\n//Loop each product item and add price into array\ninventory.element.productItem().each($el => {\n  inventory.element.itemPrice($el).invoke('text').then(text => {\n    prodPrice.push(parseFloat(text.replace('$', '')));\n  });\n});\n//Sort the array by high to low\nconst sortPrice = [...prodPrice].sort().reverse();\n//Select sort high to low\ninventory.element.sortBtn().select('hilo');\n//Loop each product item and add price into array after selecting sort\ninventory.element.productItem().each($el => {\n  inventory.element.itemPrice($el).invoke('text').then(text => {\n    prodPrice.push(parseFloat(text.replace('$', '')));\n  });\n});\nexpect(prodPrice).to.deep.equal(sortPrice);",
              "err": {},
              "uuid": "7f0fb9cf-6e10-4c31-9631-19cf997d9e05",
              "parentUUID": "5f9cf031-b35e-4a42-afd3-f976bb7dcd2b",
              "isHook": false,
              "skipped": false
            }
          ],
          "suites": [],
          "passes": [
            "36e96207-1929-4945-9017-f1999f29d293",
            "96877a88-f638-45e9-88c3-dd8c4a5ee5f6",
            "f02acc79-4a30-4741-a6f5-28996d240a96",
            "a2c5b1cb-4cdd-41e1-b0e2-6baa52d5fdf8",
            "d7a5ece2-e9a7-442b-9147-99ffb263ecf2",
            "d2cc34d6-3d07-4d09-97a8-422176331e85",
            "775e5225-b437-42cd-912e-73795ae493ac",
            "bfdd7792-7fb0-43c7-812d-31f9d1520818",
            "7f0fb9cf-6e10-4c31-9631-19cf997d9e05"
          ],
          "failures": [],
          "pending": [],
          "skipped": [],
          "duration": 12583,
          "root": false,
          "rootEmpty": false,
          "_timeout": 2000
        }
      ],
      "passes": [],
      "failures": [],
      "pending": [],
      "skipped": [],
      "duration": 0,
      "root": true,
      "rootEmpty": true,
      "_timeout": 2000
    }
  ],
  "meta": {
    "mocha": {
      "version": "7.2.0"
    },
    "mochawesome": {
      "options": {
        "quiet": false,
        "reportFilename": "mochawesome",
        "saveHtml": false,
        "saveJson": true,
        "consoleReporter": "spec",
        "useInlineDiffs": false,
        "code": true
      },
      "version": "7.1.3"
    },
    "marge": {
      "options": {
        "reportDir": "cypress/reports",
        "overwrite": false,
        "html": false,
        "json": true
      },
      "version": "6.2.0"
    }
  }
}