{
  "stats": {
    "suites": 1,
    "tests": 4,
    "passes": 4,
    "pending": 0,
    "failures": 0,
    "start": "2025-08-07T21:19:45.824Z",
    "end": "2025-08-07T21:19:54.098Z",
    "duration": 8274,
    "testsRegistered": 4,
    "passPercent": 100,
    "pendingPercent": 0,
    "other": 0,
    "hasOther": false,
    "skipped": 0,
    "hasSkipped": false
  },
  "results": [
    {
      "uuid": "0378d96a-5232-4a88-a799-a2260c453e88",
      "title": "",
      "fullFile": "cypress\\e2e\\checkout.cy.js",
      "file": "cypress\\e2e\\checkout.cy.js",
      "beforeHooks": [],
      "afterHooks": [],
      "tests": [],
      "suites": [
        {
          "uuid": "b6231d63-06b2-4f15-a7e5-2dcc26cc8f79",
          "title": "Inventory Test",
          "fullFile": "",
          "file": "",
          "beforeHooks": [],
          "afterHooks": [],
          "tests": [
            {
              "title": "Validate that we cannot continue when missing First Name",
              "fullTitle": "Inventory Test Validate that we cannot continue when missing First Name",
              "timedOut": null,
              "duration": 2017,
              "state": "passed",
              "speed": "fast",
              "pass": true,
              "fail": false,
              "pending": false,
              "context": null,
              "code": "//Save current cartItem\ncart.getCartItem(1).then(cartItem => {\n  //Go to Checkout page\n  cart.element.checkoutBtn().click();\n  cy.fixture('url').then(data => {\n    cy.url().should('eq', data.checkoutstep1);\n  });\n  //Click on Continure button\n  checkout.element.continueBtn().click();\n  checkout.element.errorMissingInf().should('have.text', 'Error: First Name is required');\n});",
              "err": {},
              "uuid": "0fac27b7-1cf1-4005-9fec-806447c1d6a5",
              "parentUUID": "b6231d63-06b2-4f15-a7e5-2dcc26cc8f79",
              "isHook": false,
              "skipped": false
            },
            {
              "title": "Validate that we cannot continue when missing Last Name",
              "fullTitle": "Inventory Test Validate that we cannot continue when missing Last Name",
              "timedOut": null,
              "duration": 1804,
              "state": "passed",
              "speed": "fast",
              "pass": true,
              "fail": false,
              "pending": false,
              "context": null,
              "code": "//Save current cartItem\ncart.getCartItem(1).then(cartItem => {\n  //Go to Checkout page\n  cart.element.checkoutBtn().click();\n  cy.fixture('url').then(data => {\n    cy.url().should('eq', data.checkoutstep1);\n  });\n  const FirstName = \"FirstName\";\n  const ZipCode = \"123456\";\n  checkout.element.firstName().type(FirstName).should('have.value', FirstName);\n  checkout.element.postalCode().type(ZipCode).should('have.value', ZipCode);\n  //Click on Continure button\n  checkout.element.continueBtn().click();\n  checkout.element.errorMissingInf().should('have.text', 'Error: Last Name is required');\n});",
              "err": {},
              "uuid": "f84c8fbc-1cb6-4b0d-933b-0b5280470235",
              "parentUUID": "b6231d63-06b2-4f15-a7e5-2dcc26cc8f79",
              "isHook": false,
              "skipped": false
            },
            {
              "title": "Validate that we cannot continue when missing Zip/Postal Code",
              "fullTitle": "Inventory Test Validate that we cannot continue when missing Zip/Postal Code",
              "timedOut": null,
              "duration": 1588,
              "state": "passed",
              "speed": "fast",
              "pass": true,
              "fail": false,
              "pending": false,
              "context": null,
              "code": "//Save current cartItem\ncart.getCartItem(1).then(cartItem => {\n  //Go to Checkout page\n  cart.element.checkoutBtn().click();\n  cy.fixture('url').then(data => {\n    cy.url().should('eq', data.checkoutstep1);\n  });\n  const FirstName = \"FirstName\";\n  const LastName = \"FirstName\";\n  const ZipCode = \"123456\";\n  checkout.element.firstName().type(FirstName).should('have.value', FirstName);\n  checkout.element.lastName().type(LastName).should('have.value', LastName);\n  //Continue\n  checkout.element.continueBtn().click();\n  checkout.element.errorMissingInf().should('have.text', 'Error: Postal Code is required');\n});",
              "err": {},
              "uuid": "c14821fd-c382-4d5b-8279-fd72c3e7b25c",
              "parentUUID": "b6231d63-06b2-4f15-a7e5-2dcc26cc8f79",
              "isHook": false,
              "skipped": false
            },
            {
              "title": "Validate check out successully",
              "fullTitle": "Inventory Test Validate check out successully",
              "timedOut": null,
              "duration": 1913,
              "state": "passed",
              "speed": "fast",
              "pass": true,
              "fail": false,
              "pending": false,
              "context": null,
              "code": "//Save current cartItem\ncart.getCartItem(1).then(cartItem => {\n  //Go to Checkout page\n  cart.element.checkoutBtn().click();\n  cy.fixture('url').then(data => {\n    cy.url().should('eq', data.checkoutstep1);\n  });\n  //Input information in checkout step one page\n  const FirstName = \"FirstName\";\n  const LastName = \"FirstName\";\n  const ZipCode = \"123456\";\n  checkout.element.firstName().type(FirstName).should('have.value', FirstName);\n  checkout.element.lastName().type(LastName).should('have.value', LastName);\n  checkout.element.postalCode().type(ZipCode).should('have.value', ZipCode);\n  //Continue\n  checkout.element.continueBtn().click();\n  cy.fixture('url').then(data => {\n    cy.url().should('eq', data.checkoutstep2);\n  });\n  //Assert cartItem should equal checkoutItem\n  cart.getCartItem(1).then(checkoutItem => {\n    expect(checkoutItem).to.deep.equal(cartItem);\n  });\n  checkout.element.finishBtn().click();\n  cy.fixture('url').then(data => {\n    cy.url().should('eq', data.checkoutcompelete);\n  });\n  checkout.element.tksforOrdertxt();\n});",
              "err": {},
              "uuid": "2e33b15b-3990-4aa5-853b-2775bf14af32",
              "parentUUID": "b6231d63-06b2-4f15-a7e5-2dcc26cc8f79",
              "isHook": false,
              "skipped": false
            }
          ],
          "suites": [],
          "passes": [
            "0fac27b7-1cf1-4005-9fec-806447c1d6a5",
            "f84c8fbc-1cb6-4b0d-933b-0b5280470235",
            "c14821fd-c382-4d5b-8279-fd72c3e7b25c",
            "2e33b15b-3990-4aa5-853b-2775bf14af32"
          ],
          "failures": [],
          "pending": [],
          "skipped": [],
          "duration": 7322,
          "root": false,
          "rootEmpty": false,
          "_timeout": 2000
        }
      ],
      "passes": [],
      "failures": [],
      "pending": [],
      "skipped": [],
      "duration": 0,
      "root": true,
      "rootEmpty": true,
      "_timeout": 2000
    }
  ],
  "meta": {
    "mocha": {
      "version": "7.2.0"
    },
    "mochawesome": {
      "options": {
        "quiet": false,
        "reportFilename": "mochawesome",
        "saveHtml": false,
        "saveJson": true,
        "consoleReporter": "spec",
        "useInlineDiffs": false,
        "code": true
      },
      "version": "7.1.3"
    },
    "marge": {
      "options": {
        "reportDir": "cypress/reports",
        "overwrite": false,
        "html": false,
        "json": true
      },
      "version": "6.2.0"
    }
  }
}