{
  "stats": {
    "suites": 1,
    "tests": 3,
    "passes": 3,
    "pending": 0,
    "failures": 0,
    "start": "2025-08-07T21:19:56.932Z",
    "end": "2025-08-07T21:20:01.833Z",
    "duration": 4901,
    "testsRegistered": 3,
    "passPercent": 100,
    "pendingPercent": 0,
    "other": 0,
    "hasOther": false,
    "skipped": 0,
    "hasSkipped": false
  },
  "results": [
    {
      "uuid": "0e63a826-400d-4a47-88a5-d8d2d228282b",
      "title": "",
      "fullFile": "cypress\\e2e\\common.cy.js",
      "file": "cypress\\e2e\\common.cy.js",
      "beforeHooks": [],
      "afterHooks": [],
      "tests": [],
      "suites": [
        {
          "uuid": "5b700d91-1e33-4618-b695-9637cd77a27b",
          "title": "Common Test",
          "fullFile": "",
          "file": "",
          "beforeHooks": [],
          "afterHooks": [],
          "tests": [
            {
              "title": "Validate menu dropdown",
              "fullTitle": "Common Test Validate menu dropdown",
              "timedOut": null,
              "duration": 1665,
              "state": "passed",
              "speed": "fast",
              "pass": true,
              "fail": false,
              "pending": false,
              "context": null,
              "code": "//Create a dropdown list menu\nconst expectedMenu = [\"All Items\", \"About\", \"Logout\", \"Reset App State\"];\n//Click on Menu icon\ncommon.element.menuBtn().should('be.visible').click();\n//Assert option in dropdown list\ncommon.element.menuItem().find('a').each(($el, index) => {\n  cy.wrap($el).should('have.text', expectedMenu[index]);\n});",
              "err": {},
              "uuid": "ad45be83-54e3-44e7-b28c-37e37e983354",
              "parentUUID": "5b700d91-1e33-4618-b695-9637cd77a27b",
              "isHook": false,
              "skipped": false
            },
            {
              "title": "Validate About Menu",
              "fullTitle": "Common Test Validate About Menu",
              "timedOut": null,
              "duration": 1070,
              "state": "passed",
              "speed": "fast",
              "pass": true,
              "fail": false,
              "pending": false,
              "context": null,
              "code": "common.element.menuBtn().should('be.visible').click();\ncy.fixture('url').then(data => {\n  common.element.aboutMenuItem().should('have.attr', 'href', data.saucelab);\n});",
              "err": {},
              "uuid": "2f3e1311-06b9-4cfa-b30f-2604adb117ae",
              "parentUUID": "5b700d91-1e33-4618-b695-9637cd77a27b",
              "isHook": false,
              "skipped": false
            },
            {
              "title": "Validate Logout Menu",
              "fullTitle": "Common Test Validate Logout Menu",
              "timedOut": null,
              "duration": 1259,
              "state": "passed",
              "speed": "fast",
              "pass": true,
              "fail": false,
              "pending": false,
              "context": null,
              "code": "common.element.menuBtn().should('be.visible').click();\ncommon.element.logoutMenuItem().should('be.visible').click();\ncy.fixture('url').then(data => {\n  cy.url().should('equal', data.saucedemo);\n});",
              "err": {},
              "uuid": "29095bf7-6055-4fe5-8c8d-a30af8dd45d2",
              "parentUUID": "5b700d91-1e33-4618-b695-9637cd77a27b",
              "isHook": false,
              "skipped": false
            }
          ],
          "suites": [],
          "passes": [
            "ad45be83-54e3-44e7-b28c-37e37e983354",
            "2f3e1311-06b9-4cfa-b30f-2604adb117ae",
            "29095bf7-6055-4fe5-8c8d-a30af8dd45d2"
          ],
          "failures": [],
          "pending": [],
          "skipped": [],
          "duration": 3994,
          "root": false,
          "rootEmpty": false,
          "_timeout": 2000
        }
      ],
      "passes": [],
      "failures": [],
      "pending": [],
      "skipped": [],
      "duration": 0,
      "root": true,
      "rootEmpty": true,
      "_timeout": 2000
    }
  ],
  "meta": {
    "mocha": {
      "version": "7.2.0"
    },
    "mochawesome": {
      "options": {
        "quiet": false,
        "reportFilename": "mochawesome",
        "saveHtml": false,
        "saveJson": true,
        "consoleReporter": "spec",
        "useInlineDiffs": false,
        "code": true
      },
      "version": "7.1.3"
    },
    "marge": {
      "options": {
        "reportDir": "cypress/reports",
        "overwrite": false,
        "html": false,
        "json": true
      },
      "version": "6.2.0"
    }
  }
}